acme.xnxx.com
ah-xvdev.xnxx.com
attachments.f95zone.to
auth.beeg.com
beeg.com
cams.xnxx.com
checkout.xnxx.com
fastporndelivery.hqporner.com
forum.xnxx.com
forums.xnxx.com
go.stripchat.beeg.com
gold.xnxx.com
hqporner.com
ic-vt-nss.xhcdn.com
info-gold.xnxx.com
jokes.xnxx.com
multi.xnxx.com
pics.xnxx.com
poems.xnxx.com
pornhub.com
pornhub.org
pornolab.net
reddxxx.com
redgifs.com
rentry.org
rt.pornhub.com
ru.redtube.com
ru.xhamster.com
ru.xhamsterlive.com
stories.xnxx.com
video.xnxx.com
vipergirls.to
www.hqporner.com
www.m.hqporner.com
www.pornhub.com
www.pornolab.net
www.reddxxx.com
www.redgifs.com
www.redtube.com
www.xhamster.com
www.xhamsterlive.com
www.xnxx-ru.com
www.xnxx.com
www.xv-ru.com
www.xvideos.com
xhamster.com
xhamsterlive.com
xnxx-ru.com
xnxx.com
xv-ru.com
xvideos.com