1337x.to
262203.game4you.top
4pda.to
abook-club.ru
akniga.xyz
apola.ru
audioboo.org
booktracker.org
booktracker.work
cdnbunny.org
cnd2exp.online
eu.org
eztv.re
fast-torrent.club
fast-torrent.ru
filmitorrent.net
fitgirl-repacks.site
habr.com
kinozal.guru
limetorrents.info
megapeer.vip
newstudio.tv
nnm-club.to
nnmclub.to
nnmstatic.win
piratbit.top
pirateproxy-bay.com
rarbg.to
riperam.org
rockblack.su
rustorka.com
rutor.info
rutor.is
rutor.org
rutracker.net
rutracker.org
rutracker.ru
rutracker.wiki
rutrk.org
selezen.org
static.rutracker.cc
stealth.si
tapochek.net
thelastgame.ru
thepirate-bay.org
thepiratebay.org
torlock.com
torrent-games.best
torrent.by
torrentdownloads.me
torrentgalaxy.to
torrentz2eu.org
torrindex.net
wstracker.online